
        ==========     _____ _    _ ____  _____  ______          _____  
        =====         / ____| |  | |  _ \|  __ \|  ____|   /\   |  __ \ 
          =====      | (___ | |  | | |_) | |__) | |__     /  \  | |  | |
            ====      \___ \| |  | |  _ <|  _  /|  __|   / /\ \ | |  | |
              ====    ____) | |__| | |_) | | \ \| |____ / ____ \| |__| |
        ==========   |_____/ \____/|____/|_|  \_\______/_/    \_\_____/
	  v2.1.1

//========================== featureCounts setting ===========================\\
||                                                                            ||
||             Input files : 7 BAM files                                      ||
||                                                                            ||
||                           CLIP-35L33G.bam                                  ||
||                           CLIP-let7g.bam                                   ||
||                           RNA-control.bam                                  ||
||                           RNA-siLin28a.bam                                 ||
||                           RNA-siLuc.bam                                    ||
||                           RPF-siLin28a.bam                                 ||
||                           RPF-siLuc.bam                                    ||
||                                                                            ||
||             Output file : read-counts.txt                                  ||
||                 Summary : read-counts.txt.summary                          ||
||              Paired-end : no                                               ||
||        Count read pairs : no                                               ||
||              Annotation : gencode.gtf (GTF)                                ||
||      Dir for temp files : ./                                               ||
||                                                                            ||
||                 Threads : 1                                                ||
||                   Level : meta-feature level                               ||
||      Multimapping reads : not counted                                      ||
|| Multi-overlapping reads : not counted                                      ||
||   Min overlapping bases : 1                                                ||
||                                                                            ||
\\============================================================================//

//================================= Running ==================================\\
||                                                                            ||
|| Load annotation file gencode.gtf ...                                       ||
||    Features : 841952                                                       ||
||    Meta-features : 55359                                                   ||
||    Chromosomes/contigs : 22                                                ||
||                                                                            ||
|| Process BAM file CLIP-35L33G.bam...                                        ||
||    Single-end reads are included.                                          ||
||    Total alignments : 38880853                                             ||
||    Successfully assigned alignments : 13630945 (35.1%)                     ||
||    Running time : 0.29 minutes                                             ||
||                                                                            ||
|| Process BAM file CLIP-let7g.bam...                                         ||
||    Single-end reads are included.                                          ||
||    Total alignments : 163                                                  ||
||    Successfully assigned alignments : 154 (94.5%)                          ||
||    Running time : 0.00 minutes                                             ||
||                                                                            ||
|| Process BAM file RNA-control.bam...                                        ||
||    Single-end reads are included.                                          ||
||    Total alignments : 24971058                                             ||
||    Successfully assigned alignments : 5200836 (20.8%)                      ||
||    Running time : 0.20 minutes                                             ||
||                                                                            ||
|| Process BAM file RNA-siLin28a.bam...                                       ||
||    Single-end reads are included.                                          ||
||    Total alignments : 35108178                                             ||
||    Successfully assigned alignments : 12338280 (35.1%)                     ||
||    Running time : 0.29 minutes                                             ||
||                                                                            ||
|| Process BAM file RNA-siLuc.bam...                                          ||
||    Single-end reads are included.                                          ||
||    Total alignments : 28117241                                             ||
||    Successfully assigned alignments : 9748787 (34.7%)                      ||
||    Running time : 0.23 minutes                                             ||
||                                                                            ||
|| Process BAM file RPF-siLin28a.bam...                                       ||
||    Single-end reads are included.                                          ||
||    Total alignments : 30095551                                             ||
||    Successfully assigned alignments : 10694162 (35.5%)                     ||
||    Running time : 0.20 minutes                                             ||
||                                                                            ||
|| Process BAM file RPF-siLuc.bam...                                          ||
||    Single-end reads are included.                                          ||
||    Total alignments : 42002435                                             ||
||    Successfully assigned alignments : 12932285 (30.8%)                     ||
||    Running time : 0.28 minutes                                             ||
||                                                                            ||
|| Write the final count table.                                               ||
|| Write the read assignment summary.                                         ||
||                                                                            ||
|| Summary of counting results can be found in file "read-counts.txt.summary  ||
|| "                                                                          ||
||                                                                            ||
\\============================================================================//

